<?xml version="1.0" encoding="UTF-8"?>
<!-- Generated by org.testng.reporters.JUnitReportReporter -->
<testsuite hostname="DESKTOP-PUEM7QG" failures="0" tests="1" name="com.test.JavaBasicPrograms" time="0.013" errors="0" timestamp="2024-09-07T20:07:48 IST" skipped="0">
  <testcase classname="com.test.JavaBasicPrograms" name="InteregArrayAscendingOrder" time="0.013"/>
</testsuite> <!-- com.test.JavaBasicPrograms -->
