<?xml version="1.0" encoding="UTF-8"?>
<!-- Generated by org.testng.reporters.JUnitReportReporter -->
<testsuite hostname="DESKTOP-PUEM7QG" failures="0" tests="1" name="parallelExecution.ParallelTestFirefox" time="8.210" errors="0" timestamp="2024-09-05T14:16:23 IST" skipped="0">
  <testcase classname="parallelExecution.ParallelTestFirefox" name="test2" time="8.210"/>
</testsuite> <!-- parallelExecution.ParallelTestFirefox -->
