<?xml version="1.0" encoding="UTF-8"?>
<!-- Generated by org.testng.reporters.JUnitReportReporter -->
<testsuite hostname="DESKTOP-PUEM7QG" failures="0" tests="2" name="parallelExecution.ParallelTest2" time="13.677" errors="0" timestamp="2024-09-05T12:15:49 IST" skipped="0">
  <testcase classname="parallelExecution.ParallelTest2" name="test1" time="7.897"/>
  <testcase classname="parallelExecution.ParallelTest2" name="test2" time="5.780"/>
</testsuite> <!-- parallelExecution.ParallelTest2 -->
