<?xml version="1.0" encoding="UTF-8"?>
<!-- Generated by org.testng.reporters.JUnitReportReporter -->
<testsuite hostname="DESKTOP-PUEM7QG" failures="0" tests="2" name="parallelExecution.ParallelTest" time="7.620" errors="0" timestamp="2024-09-05T12:15:49 IST" skipped="0">
  <testcase classname="parallelExecution.ParallelTest" name="testChrome" time="4.650"/>
  <testcase classname="parallelExecution.ParallelTest" name="testFirefox" time="2.970"/>
</testsuite> <!-- parallelExecution.ParallelTest -->
