<?xml version="1.0" encoding="UTF-8"?>
<!-- Generated by org.testng.reporters.JUnitReportReporter -->
<testsuite hostname="DESKTOP-PUEM7QG" failures="0" tests="2" name="parallelExecution.ParallelTestChrome" time="7.856" errors="0" timestamp="2024-09-05T12:23:08 IST" skipped="0">
  <testcase classname="parallelExecution.ParallelTestChrome" name="test1" time="4.496"/>
  <testcase classname="parallelExecution.ParallelTestChrome" name="test2" time="3.360"/>
</testsuite> <!-- parallelExecution.ParallelTestChrome -->
