<?xml version="1.0" encoding="UTF-8"?>
<!-- Generated by org.testng.reporters.JUnitReportReporter -->
<testsuite hostname="DESKTOP-PUEM7QG" failures="0" tests="2" name="com.testNg.annotations.BrowserStackSetup" time="1.507" errors="0" timestamp="2024-09-01T09:33:46 IST" skipped="0">
  <testcase classname="com.testNg.annotations.BrowserStackSetup" name="navigate_to_homepage_click_on_getstarted" time="1.505"/>
  <testcase classname="com.testNg.annotations.BrowserStackSetup" name="enter_userDetails" time="0.002"/>
</testsuite> <!-- com.testNg.annotations.BrowserStackSetup -->
