<?xml version="1.0" encoding="UTF-8"?>
<!-- Generated by org.testng.reporters.JUnitReportReporter -->
<testsuite hostname="DESKTOP-PUEM7QG" failures="0" tests="1" name="com.test.TestMainWebAppAutomation" time="6.862" errors="0" timestamp="2024-09-03T06:54:16 IST" skipped="0">
  <testcase classname="com.test.TestMainWebAppAutomation" name="pageination" time="6.862"/>
</testsuite> <!-- com.test.TestMainWebAppAutomation -->
